{"/home/navaneethan/employee-portal/backend/server.js": {"path":"/home/navaneethan/employee-portal/backend/server.js","statementMap":{"0":{"start":{"line":1,"column":16},"end":{"line":1,"column":34}},"1":{"start":{"line":2,"column":17},"end":{"line":2,"column":36}},"2":{"start":{"line":3,"column":13},"end":{"line":3,"column":28}},"3":{"start":{"line":4,"column":0},"end":{"line":4,"column":27}},"4":{"start":{"line":6,"column":19},"end":{"line":6,"column":43}},"5":{"start":{"line":7,"column":23},"end":{"line":7,"column":52}},"6":{"start":{"line":9,"column":12},"end":{"line":9,"column":21}},"7":{"start":{"line":12,"column":0},"end":{"line":12,"column":16}},"8":{"start":{"line":13,"column":0},"end":{"line":13,"column":24}},"9":{"start":{"line":16,"column":0},"end":{"line":16,"column":28}},"10":{"start":{"line":17,"column":0},"end":{"line":17,"column":42}},"11":{"start":{"line":20,"column":0},"end":{"line":22,"column":3}},"12":{"start":{"line":21,"column":2},"end":{"line":21,"column":58}},"13":{"start":{"line":25,"column":0},"end":{"line":32,"column":67}},"14":{"start":{"line":27,"column":4},"end":{"line":27,"column":37}},"15":{"start":{"line":28,"column":4},"end":{"line":30,"column":7}},"16":{"start":{"line":29,"column":6},"end":{"line":29,"column":64}},"17":{"start":{"line":32,"column":18},"end":{"line":32,"column":65}}},"fnMap":{"0":{"name":"(anonymous_0)","decl":{"start":{"line":20,"column":13},"end":{"line":20,"column":14}},"loc":{"start":{"line":20,"column":27},"end":{"line":22,"column":1}},"line":20},"1":{"name":"(anonymous_1)","decl":{"start":{"line":26,"column":8},"end":{"line":26,"column":9}},"loc":{"start":{"line":26,"column":14},"end":{"line":31,"column":3}},"line":26},"2":{"name":"(anonymous_2)","decl":{"start":{"line":28,"column":33},"end":{"line":28,"column":34}},"loc":{"start":{"line":28,"column":39},"end":{"line":30,"column":5}},"line":28},"3":{"name":"(anonymous_3)","decl":{"start":{"line":32,"column":9},"end":{"line":32,"column":10}},"loc":{"start":{"line":32,"column":18},"end":{"line":32,"column":65}},"line":32}},"branchMap":{},"s":{"0":0,"1":0,"2":0,"3":0,"4":0,"5":0,"6":0,"7":0,"8":0,"9":0,"10":0,"11":0,"12":0,"13":0,"14":0,"15":0,"16":0,"17":0},"f":{"0":0,"1":0,"2":0,"3":0},"b":{}}
,"/home/navaneethan/employee-portal/backend/models/Employee.js": {"path":"/home/navaneethan/employee-portal/backend/models/Employee.js","statementMap":{"0":{"start":{"line":1,"column":17},"end":{"line":1,"column":36}},"1":{"start":{"line":3,"column":23},"end":{"line":36,"column":24}},"2":{"start":{"line":38,"column":0},"end":{"line":38,"column":60}}},"fnMap":{},"branchMap":{},"s":{"0":0,"1":0,"2":0},"f":{},"b":{}}
,"/home/navaneethan/employee-portal/backend/routes/auth.js": {"path":"/home/navaneethan/employee-portal/backend/routes/auth.js","statementMap":{"0":{"start":{"line":1,"column":16},"end":{"line":1,"column":34}},"1":{"start":{"line":2,"column":15},"end":{"line":2,"column":34}},"2":{"start":{"line":3,"column":12},"end":{"line":3,"column":35}},"3":{"start":{"line":4,"column":15},"end":{"line":4,"column":31}},"4":{"start":{"line":7,"column":14},"end":{"line":10,"column":1}},"5":{"start":{"line":13,"column":0},"end":{"line":29,"column":3}},"6":{"start":{"line":14,"column":33},"end":{"line":14,"column":41}},"7":{"start":{"line":16,"column":2},"end":{"line":17,"column":79}},"8":{"start":{"line":17,"column":4},"end":{"line":17,"column":79}},"9":{"start":{"line":19,"column":2},"end":{"line":20,"column":68}},"10":{"start":{"line":20,"column":4},"end":{"line":20,"column":68}},"11":{"start":{"line":22,"column":18},"end":{"line":22,"column":64}},"12":{"start":{"line":23,"column":2},"end":{"line":24,"column":68}},"13":{"start":{"line":24,"column":4},"end":{"line":24,"column":68}},"14":{"start":{"line":26,"column":16},"end":{"line":26,"column":83}},"15":{"start":{"line":28,"column":2},"end":{"line":28,"column":32}},"16":{"start":{"line":31,"column":0},"end":{"line":31,"column":24}}},"fnMap":{"0":{"name":"(anonymous_0)","decl":{"start":{"line":13,"column":22},"end":{"line":13,"column":23}},"loc":{"start":{"line":13,"column":42},"end":{"line":29,"column":1}},"line":13}},"branchMap":{"0":{"loc":{"start":{"line":16,"column":2},"end":{"line":17,"column":79}},"type":"if","locations":[{"start":{"line":16,"column":2},"end":{"line":17,"column":79}},{"start":{},"end":{}}],"line":16},"1":{"loc":{"start":{"line":16,"column":6},"end":{"line":16,"column":28}},"type":"binary-expr","locations":[{"start":{"line":16,"column":6},"end":{"line":16,"column":15}},{"start":{"line":16,"column":19},"end":{"line":16,"column":28}}],"line":16},"2":{"loc":{"start":{"line":19,"column":2},"end":{"line":20,"column":68}},"type":"if","locations":[{"start":{"line":19,"column":2},"end":{"line":20,"column":68}},{"start":{},"end":{}}],"line":19},"3":{"loc":{"start":{"line":23,"column":2},"end":{"line":24,"column":68}},"type":"if","locations":[{"start":{"line":23,"column":2},"end":{"line":24,"column":68}},{"start":{},"end":{}}],"line":23}},"s":{"0":0,"1":0,"2":0,"3":0,"4":0,"5":0,"6":0,"7":0,"8":0,"9":0,"10":0,"11":0,"12":0,"13":0,"14":0,"15":0,"16":0},"f":{"0":0},"b":{"0":[0,0],"1":[0,0],"2":[0,0],"3":[0,0]}}
,"/home/navaneethan/employee-portal/backend/routes/employees.js": {"path":"/home/navaneethan/employee-portal/backend/routes/employees.js","statementMap":{"0":{"start":{"line":1,"column":16},"end":{"line":1,"column":34}},"1":{"start":{"line":2,"column":17},"end":{"line":2,"column":46}},"2":{"start":{"line":3,"column":23},"end":{"line":3,"column":52}},"3":{"start":{"line":4,"column":15},"end":{"line":4,"column":31}},"4":{"start":{"line":7,"column":0},"end":{"line":7,"column":27}},"5":{"start":{"line":10,"column":0},"end":{"line":17,"column":3}},"6":{"start":{"line":11,"column":2},"end":{"line":16,"column":3}},"7":{"start":{"line":12,"column":22},"end":{"line":12,"column":67}},"8":{"start":{"line":13,"column":4},"end":{"line":13,"column":24}},"9":{"start":{"line":15,"column":4},"end":{"line":15,"column":54}},"10":{"start":{"line":20,"column":0},"end":{"line":28,"column":3}},"11":{"start":{"line":21,"column":2},"end":{"line":27,"column":3}},"12":{"start":{"line":22,"column":21},"end":{"line":22,"column":43}},"13":{"start":{"line":23,"column":4},"end":{"line":23,"column":26}},"14":{"start":{"line":24,"column":4},"end":{"line":24,"column":35}},"15":{"start":{"line":26,"column":4},"end":{"line":26,"column":51}},"16":{"start":{"line":31,"column":0},"end":{"line":44,"column":3}},"17":{"start":{"line":32,"column":2},"end":{"line":43,"column":3}},"18":{"start":{"line":33,"column":21},"end":{"line":37,"column":5}},"19":{"start":{"line":38,"column":4},"end":{"line":39,"column":69}},"20":{"start":{"line":39,"column":6},"end":{"line":39,"column":69}},"21":{"start":{"line":40,"column":4},"end":{"line":40,"column":23}},"22":{"start":{"line":42,"column":4},"end":{"line":42,"column":51}},"23":{"start":{"line":47,"column":0},"end":{"line":56,"column":3}},"24":{"start":{"line":48,"column":2},"end":{"line":55,"column":3}},"25":{"start":{"line":49,"column":21},"end":{"line":49,"column":68}},"26":{"start":{"line":50,"column":4},"end":{"line":51,"column":69}},"27":{"start":{"line":51,"column":6},"end":{"line":51,"column":69}},"28":{"start":{"line":52,"column":4},"end":{"line":52,"column":46}},"29":{"start":{"line":54,"column":4},"end":{"line":54,"column":54}},"30":{"start":{"line":58,"column":0},"end":{"line":58,"column":24}}},"fnMap":{"0":{"name":"(anonymous_0)","decl":{"start":{"line":10,"column":16},"end":{"line":10,"column":17}},"loc":{"start":{"line":10,"column":36},"end":{"line":17,"column":1}},"line":10},"1":{"name":"(anonymous_1)","decl":{"start":{"line":20,"column":17},"end":{"line":20,"column":18}},"loc":{"start":{"line":20,"column":37},"end":{"line":28,"column":1}},"line":20},"2":{"name":"(anonymous_2)","decl":{"start":{"line":31,"column":19},"end":{"line":31,"column":20}},"loc":{"start":{"line":31,"column":39},"end":{"line":44,"column":1}},"line":31},"3":{"name":"(anonymous_3)","decl":{"start":{"line":47,"column":22},"end":{"line":47,"column":23}},"loc":{"start":{"line":47,"column":42},"end":{"line":56,"column":1}},"line":47}},"branchMap":{"0":{"loc":{"start":{"line":38,"column":4},"end":{"line":39,"column":69}},"type":"if","locations":[{"start":{"line":38,"column":4},"end":{"line":39,"column":69}},{"start":{},"end":{}}],"line":38},"1":{"loc":{"start":{"line":50,"column":4},"end":{"line":51,"column":69}},"type":"if","locations":[{"start":{"line":50,"column":4},"end":{"line":51,"column":69}},{"start":{},"end":{}}],"line":50}},"s":{"0":0,"1":0,"2":0,"3":0,"4":0,"5":0,"6":0,"7":0,"8":0,"9":0,"10":0,"11":0,"12":0,"13":0,"14":0,"15":0,"16":0,"17":0,"18":0,"19":0,"20":0,"21":0,"22":0,"23":0,"24":0,"25":0,"26":0,"27":0,"28":0,"29":0,"30":0},"f":{"0":0,"1":0,"2":0,"3":0},"b":{"0":[0,0],"1":[0,0]}}
}
